<?xml version="1.0" encoding="UTF-8" standalone="yes"?>
<transition xmlns:xi="http://www.w3.org/2001/XInclude" enabled="true" from="test" seg-detach="true" seg-id="test-implementation" seg-type="transition" to="implementation">
    <title lang="ru">Начать внедрение изменения</title>
</transition>
