<?xml version="1.0" encoding="UTF-8" standalone="yes"?>
<transition xmlns:xi="http://www.w3.org/2001/XInclude" enabled="true" from="test" seg-detach="true" seg-id="test-inprogress" seg-type="transition" to="inprogress">
    <title lang="ru">Вернуть на доработку</title>
</transition>
